<?xml version="1.0" encoding="UTF-8"?>
<testsuite xmlns:xsi="http://www.w3.org/2001/XMLSchema-instance" xsi:noNamespaceSchemaLocation="https://maven.apache.org/surefire/maven-surefire-plugin/xsd/surefire-test-report.xsd" name="com.example.CalculatorTest" time="0.048" tests="5" errors="0" skipped="0" failures="0">
  <properties>
[...]
</properties>
  <testcase name="testGettersAndSetters" classname="com.example.CalculatorTest" time="0.026"/>
  <testcase name="testAdd" classname="com.example.CalculatorTest" time="0"/>
  <testcase name="testSubtract" classname="com.example.CalculatorTest" time="0.001"/>
  <testcase name="testValidRange" classname="com.example.CalculatorTest" time="0.002"/>
  <testcase name="testIsEven" classname="com.example.CalculatorTest" time="0.001"/>
</testsuite>